a
aa
alien
aa
aalien
aliena
alienalien
born
aa
aalien
aborn
aliena
alienalien
alienborn
borna
bornalien
bornborn
less
aa
aalien
aborn
aless
aliena
alienalien
alienborn
alienless
borna
bornalien
bornborn
bornless
lessa
lessalien
lessborn
lessless
lien
aa
aalien
aborn
aless
alien
aliena
alienalien
alienborn
alienless
alienlien
borna
bornalien
bornborn
bornless
bornlien
lessa
lessalien
lessborn
lessless
lesslien
liena
lienalien
lienborn
lienless
lienlien
never
aa
aalien
aborn
aless
alien
anever
aliena
alienalien
alienborn
alienless
alienlien
aliennever
borna
bornalien
bornborn
bornless
bornlien
bornnever
lessa
lessalien
lessborn
lessless
lesslien
lessnever
liena
lienalien
lienborn
lienless
lienlien
liennever
nevera
neveralien
neverborn
neverless
neverlien
nevernever
nevertheless
aa
aalien
aborn
aless
alien
anever
anevertheless
aliena
alienalien
alienborn
alienless
alienlien
aliennever
aliennevertheless
borna
bornalien
bornborn
bornless
bornlien
bornnever
bornnevertheless
lessa
lessalien
lessborn
lessless
lesslien
lessnever
lessnevertheless
liena
lienalien
lienborn
lienless
lienlien
liennever
liennevertheless
nevera
neveralien
neverborn
neverless
neverlien
nevernever
nevernevertheless
neverthelessa
neverthelessalien
neverthelessborn
neverthelessless
neverthelesslien
neverthelessnever
neverthelessnevertheless
new
aa
aalien
aborn
aless
alien
anever
anevertheless
anew
aliena
alienalien
alienborn
alienless
alienlien
aliennever
aliennevertheless
aliennew
borna
bornalien
bornborn
bornless
bornlien
bornnever
bornnevertheless
bornnew
lessa
lessalien
lessborn
lessless
lesslien
lessnever
lessnevertheless
lessnew
liena
lienalien
lienborn
lienless
lienlien
liennever
liennevertheless
liennew
nevera
neveralien
neverborn
neverless
neverlien
nevernever
nevernevertheless
nevernew
neverthelessa
neverthelessalien
neverthelessborn
neverthelessless
neverthelesslien
neverthelessnever
neverthelessnevertheless
neverthelessnew
newa
newalien
newborn
newless
newlien
newnever
newnevertheless
newnew
newborn
aa
aalien
aborn
aless
alien
anever
anevertheless
anew
anewborn
aliena
alienalien
alienborn
alienless
alienlien
aliennever
aliennevertheless
aliennew
aliennewborn
borna
bornalien
bornborn
bornless
bornlien
bornnever
bornnevertheless
bornnew
bornnewborn
lessa
lessalien
lessborn
lessless
lesslien
lessnever
lessnevertheless
lessnew
lessnewborn
liena
lienalien
lienborn
lienless
lienlien
liennever
liennevertheless
liennew
liennewborn
nevera
neveralien
neverborn
neverless
neverlien
nevernever
nevernevertheless
nevernew
nevernewborn
neverthelessa
neverthelessalien
neverthelessborn
neverthelessless
neverthelesslien
neverthelessnever
neverthelessnevertheless
neverthelessnew
neverthelessnewborn
newa
newalien
newborn
newless
newlien
newnever
newnevertheless
newnew
newnewborn
newborna
newbornalien
newbornborn
newbornless
newbornlien
newbornnever
newbornnevertheless
newbornnew
newbornnewborn
the
aa
aalien
aborn
aless
alien
anever
anevertheless
anew
anewborn
athe
aliena
alienalien
alienborn
alienless
alienlien
aliennever
aliennevertheless
aliennew
aliennewborn
alienthe
borna
bornalien
bornborn
bornless
bornlien
bornnever
bornnevertheless
bornnew
bornnewborn
bornthe
lessa
lessalien
lessborn
lessless
lesslien
lessnever
lessnevertheless
lessnew
lessnewborn
lessthe
liena
lienalien
lienborn
lienless
lienlien
liennever
liennevertheless
liennew
liennewborn
lienthe
nevera
neveralien
neverborn
neverless
neverlien
nevernever
nevernevertheless
nevernew
nevernewborn
neverthe
neverthelessa
neverthelessalien
neverthelessborn
neverthelessless
neverthelesslien
neverthelessnever
neverthelessnevertheless
neverthelessnew
neverthelessnewborn
neverthelessthe
newa
newalien
newborn
newless
newlien
newnever
newnevertheless
newnew
newnewborn
newthe
newborna
newbornalien
newbornborn
newbornless
newbornlien
newbornnever
newbornnevertheless
newbornnew
newbornnewborn
newbornthe
thea
thealien
theborn
theless
thelien
thenever
thenevertheless
thenew
thenewborn
thethe
zebra
aa
aalien
aborn
aless
alien
anever
anevertheless
anew
anewborn
athe
azebra
aliena
alienalien
alienborn
alienless
alienlien
aliennever
aliennevertheless
aliennew
aliennewborn
alienthe
alienzebra
borna
bornalien
bornborn
bornless
bornlien
bornnever
bornnevertheless
bornnew
bornnewborn
bornthe
bornzebra
lessa
lessalien
lessborn
lessless
lesslien
lessnever
lessnevertheless
lessnew
lessnewborn
lessthe
lesszebra
liena
lienalien
lienborn
lienless
lienlien
liennever
liennevertheless
liennew
liennewborn
lienthe
lienzebra
nevera
neveralien
neverborn
neverless
neverlien
nevernever
nevernevertheless
nevernew
nevernewborn
neverthe
neverzebra
neverthelessa
neverthelessalien
neverthelessborn
neverthelessless
neverthelesslien
neverthelessnever
neverthelessnevertheless
neverthelessnew
neverthelessnewborn
neverthelessthe
neverthelesszebra
newa
newalien
newborn
newless
newlien
newnever
newnevertheless
newnew
newnewborn
newthe
newzebra
newborna
newbornalien
newbornborn
newbornless
newbornlien
newbornnever
newbornnevertheless
newbornnew
newbornnewborn
newbornthe
newbornzebra
thea
thealien
theborn
theless
thelien
thenever
thenevertheless
thenew
thenewborn
thethe
thezebra
zebraa
zebraalien
zebraborn
zebraless
zebralien
zebranever
zebranevertheless
zebranew
zebranewborn
zebrathe
zebrazebra
